<?xml version='1.0' encoding='UTF-8' ?>
<testsuite name="com.example.testapplication.view.ImageApiFragmentTest" tests="1" failures="0" errors="0" skipped="0" time="3.344" timestamp="2023-05-27T16:04:29" hostname="localhost">
  <properties>
    <property name="device" value="Pixel_2_API_33(AVD) - 13" />
    <property name="flavor" value="" />
    <property name="project" value=":app" />
  </properties>
  <testcase name="selectImage" classname="com.example.testapplication.view.ImageApiFragmentTest" time="2.344" />
</testsuite>